<?xml version="1.0" encoding="UTF-8"?>
<testsuite xmlns:xsi="http://www.w3.org/2001/XMLSchema-instance" xsi:noNamespaceSchemaLocation="https://maven.apache.org/surefire/maven-surefire-plugin/xsd/surefire-test-report.xsd" name="com.dxc.group5.AppTest" time="0.135" tests="1" errors="0" skipped="0" failures="0">
  <properties>
    <property name="sun.desktop" value="windows"/>
    <property name="awt.toolkit" value="sun.awt.windows.WToolkit"/>
    <property name="file.encoding.pkg" value="sun.io"/>
    <property name="java.specification.version" value="1.8"/>
    <property name="sun.cpu.isalist" value="amd64"/>
    <property name="sun.jnu.encoding" value="Cp1252"/>
    <property name="java.class.path" value="C:\git-assignment\git-assignment\target\test-classes;C:\git-assignment\git-assignment\target\classes;C:\Users\anabinbhuyan\.m2\repository\junit\junit\4.11\junit-4.11.jar;C:\Users\anabinbhuyan\.m2\repository\org\hamcrest\hamcrest-core\1.3\hamcrest-core-1.3.jar;"/>
    <property name="java.vm.vendor" value="Oracle Corporation"/>
    <property name="sun.arch.data.model" value="64"/>
    <property name="user.variant" value=""/>
    <property name="java.vendor.url" value="http://java.oracle.com/"/>
    <property name="user.timezone" value="Asia/Calcutta"/>
    <property name="java.vm.specification.version" value="1.8"/>
    <property name="os.name" value="Windows 10"/>
    <property name="user.country" value="US"/>
    <property name="sun.java.launcher" value="SUN_STANDARD"/>
    <property name="sun.boot.library.path" value="C:\Program Files\java8\jdk1.8.0_191\jre\bin"/>
    <property name="sun.java.command" value="C:\Users\anabinbhuyan\AppData\Local\Temp\surefire3710771167468956654\surefirebooter1740071211581871610.jar C:\Users\anabinbhuyan\AppData\Local\Temp\surefire3710771167468956654 2019-05-20T13-25-21_960-jvmRun1 surefire4857883907330499877tmp surefire_08583197136085072692tmp"/>
    <property name="surefire.test.class.path" value="C:\git-assignment\git-assignment\target\test-classes;C:\git-assignment\git-assignment\target\classes;C:\Users\anabinbhuyan\.m2\repository\junit\junit\4.11\junit-4.11.jar;C:\Users\anabinbhuyan\.m2\repository\org\hamcrest\hamcrest-core\1.3\hamcrest-core-1.3.jar;"/>
    <property name="sun.cpu.endian" value="little"/>
    <property name="user.home" value="C:\Users\anabinbhuyan"/>
    <property name="user.language" value="en"/>
    <property name="java.specification.vendor" value="Oracle Corporation"/>
    <property name="java.home" value="C:\Program Files\java8\jdk1.8.0_191\jre"/>
    <property name="basedir" value="C:\git-assignment\git-assignment"/>
    <property name="file.separator" value="\"/>
    <property name="line.separator" value="&#10;"/>
    <property name="java.vm.specification.vendor" value="Oracle Corporation"/>
    <property name="java.specification.name" value="Java Platform API Specification"/>
    <property name="java.awt.graphicsenv" value="sun.awt.Win32GraphicsEnvironment"/>
    <property name="surefire.real.class.path" value="C:\Users\anabinbhuyan\AppData\Local\Temp\surefire3710771167468956654\surefirebooter1740071211581871610.jar"/>
    <property name="sun.boot.class.path" value="C:\Program Files\java8\jdk1.8.0_191\jre\lib\resources.jar;C:\Program Files\java8\jdk1.8.0_191\jre\lib\rt.jar;C:\Program Files\java8\jdk1.8.0_191\jre\lib\sunrsasign.jar;C:\Program Files\java8\jdk1.8.0_191\jre\lib\jsse.jar;C:\Program Files\java8\jdk1.8.0_191\jre\lib\jce.jar;C:\Program Files\java8\jdk1.8.0_191\jre\lib\charsets.jar;C:\Program Files\java8\jdk1.8.0_191\jre\lib\jfr.jar;C:\Program Files\java8\jdk1.8.0_191\jre\classes"/>
    <property name="user.script" value=""/>
    <property name="sun.management.compiler" value="HotSpot 64-Bit Tiered Compilers"/>
    <property name="java.runtime.version" value="1.8.0_191-b12"/>
    <property name="user.name" value="anabinbhuyan"/>
    <property name="path.separator" value=";"/>
    <property name="os.version" value="10.0"/>
    <property name="java.endorsed.dirs" value="C:\Program Files\java8\jdk1.8.0_191\jre\lib\endorsed"/>
    <property name="java.runtime.name" value="Java(TM) SE Runtime Environment"/>
    <property name="file.encoding" value="Cp1252"/>
    <property name="java.vm.name" value="Java HotSpot(TM) 64-Bit Server VM"/>
    <property name="localRepository" value="C:\Users\anabinbhuyan\.m2\repository"/>
    <property name="java.vendor.url.bug" value="http://bugreport.sun.com/bugreport/"/>
    <property name="java.io.tmpdir" value="C:\Users\anabinbhuyan\AppData\Local\Temp\"/>
    <property name="java.version" value="1.8.0_191"/>
    <property name="user.dir" value="C:\git-assignment\git-assignment"/>
    <property name="os.arch" value="amd64"/>
    <property name="java.vm.specification.name" value="Java Virtual Machine Specification"/>
    <property name="java.awt.printerjob" value="sun.awt.windows.WPrinterJob"/>
    <property name="sun.os.patch.level" value=""/>
    <property name="java.library.path" value="C:\Program Files\java8\jdk1.8.0_191\jre\bin;C:\windows\Sun\Java\bin;C:\windows\system32;C:\windows;C:\oraclexe\app\oracle\product\10.2.0\server\bin;C:\windows\system32;C:\windows;C:\windows\System32\Wbem;C:\windows\System32\WindowsPowerShell\v1.0\;C:\Program Files (x86)\Symantec\VIP Access Client\;c:\Program Files (x86)\Microsoft SQL Server\110\Tools\Binn\;c:\Program Files\Microsoft SQL Server\110\Tools\Binn\;c:\Program Files\Microsoft SQL Server\110\DTS\Binn\;C:\Program Files\MySQL\MySQL Utilities 1.6\;C:\Program Files\nodejs\;C:\Program Files\MongoDB\Server\4.0\bin;C:\Program Files\java8\jdk1.8.0_191\bin;C:\Program Files\PuTTY\;C:\Users\anabinbhuyan\AppData\Local\Microsoft\WindowsApps;C:\Users\anabinbhuyan\AppData\Roaming\npm;C:\Users\anabinbhuyan\AppData\Local\Programs\Microsoft VS Code\bin;C:\Users\anabinbhuyan\Desktop\Java\apache-maven-3.6.1-bin\apache-maven-3.6.1\bin;C:\Program Files\java8\jdk1.8.0_191\bin;;."/>
    <property name="java.vm.info" value="mixed mode"/>
    <property name="java.vendor" value="Oracle Corporation"/>
    <property name="java.vm.version" value="25.191-b12"/>
    <property name="java.ext.dirs" value="C:\Program Files\java8\jdk1.8.0_191\jre\lib\ext;C:\windows\Sun\Java\lib\ext"/>
    <property name="sun.io.unicode.encoding" value="UnicodeLittle"/>
    <property name="java.class.version" value="52.0"/>
  </properties>
  <testcase name="shouldAnswerWithTrue" classname="com.dxc.group5.AppTest" time="0.004"/>
</testsuite>